<?xml version="1.0" encoding="UTF-8"?>
<!-- Generated by org.testng.reporters.JUnitReportReporter -->
<testsuite hostname="DESKTOP-R4LTDL4" failures="0" tests="2" name="starthealthScenario2.TestStarthealthLink" time="3.047" errors="0" timestamp="2024-02-01T12:15:47 IST" skipped="0">
  <testcase classname="starthealthScenario2.TestStarthealthLink" name="click_onPlans" time="2.135"/>
  <system-out/>
  <testcase classname="starthealthScenario2.TestStarthealthLink" name="click_on_option" time="0.912"/>
  <system-out/>
</testsuite> <!-- starthealthScenario2.TestStarthealthLink -->
